<?xml version="1.0" encoding="UTF-8"?>
<!-- Generated by org.testng.reporters.JUnitXMLReporter -->
<testsuite ignored="0" hostname="DESKTOP-MNLQ4J6" failures="0" tests="3" name="Default test" time="19.174" errors="0" timestamp="2024-10-25T18:40:38 IST">
  <testcase classname="TestNG.mytestNG_class" name="method1" time="9.022"/>
  <testcase classname="TestNG.mytestNG_class" name="method2" time="5.344"/>
  <testcase classname="TestNG.mytestNG_class" name="method3" time="4.723"/>
</testsuite> <!-- Default test -->
