<?xml version="1.0" encoding="UTF-8"?>
<!-- Generated by org.testng.reporters.JUnitXMLReporter -->
<testsuite ignored="2" hostname="DESKTOP-MNLQ4J6" failures="0" tests="8" name="Test" time="0.125" errors="0" timestamp="2024-06-16T10:13:44 IST">
  <testcase classname="xml_study.MyTest2" name="myMethod2" time="0.015"/>
  <testcase classname="xml_study.MyTest2" name="myMethod3" time="0.002"/>
  <testcase classname="xml_study.MyTest2" name="myMethod4" time="0.001"/>
  <testcase classname="xml_study.MyTest2" name="myMethod5" time="0.001"/>
  <testcase classname="xml_study.MyTest3" name="myMethod10" time="0.004"/>
  <testcase classname="xml_study.MyTest3" name="myMethod7" time="0.007"/>
  <testcase classname="xml_study.MyTest3" name="myMethod8" time="0.001"/>
  <testcase classname="xml_study.MyTest3" name="myMethod9" time="0.002"/>
  <testcase classname="xml_study.MyTest3" name="myMethod6" time="0.0">
    <ignored/>
  </testcase> <!-- myMethod6 -->
  <testcase classname="xml_study.MyTest2" name="myMethod1" time="0.0">
    <ignored/>
  </testcase> <!-- myMethod1 -->
</testsuite> <!-- Test -->
